<?xml version="1.0" encoding="UTF-8"?>
<!-- Generated by org.testng.reporters.JUnitReportReporter -->
<testsuite skipped="0" hostname="DESKTOP-8NR4BBC" name="com.advanz101.testcases.Registration_Test" tests="1" failures="0" timestamp="19 Dec 2018 07:31:43 GMT" time="76.530" errors="0">
  <testcase name="registration" time="76.530" classname="com.advanz101.testcases.Registration_Test"/>
</testsuite> <!-- com.advanz101.testcases.Registration_Test -->
